<?xml version="1.0" encoding="UTF-8"?>
<!-- Generated by org.testng.reporters.JUnitXMLReporter -->
<testsuite hostname="DESKTOP-3EINJNF" ignored="0" name="Test" tests="3" failures="0" timestamp="2020-12-30T11:50:59 GMT" time="61.534" errors="0">
  <testcase name="BrowserLaunch_ApplicationLaunch" time="20.617" classname="AlertsTesting.TC001_AlertOne"/>
  <testcase name="BrowserLaunch_ApplicationLaunch" time="19.382" classname="AlertsTesting.TC002_AlertTwo"/>
  <testcase name="BrowserLaunch_ApplicationLaunch" time="21.488" classname="AlertsTesting.TC003_AlertThree"/>
</testsuite> <!-- Test -->
