<?xml version="1.0" encoding="UTF-8"?>
<testng-results skipped="0" failed="0" ignored="0" total="3" passed="3">
  <reporter-output>
  </reporter-output>
  <suite name="Suite" duration-ms="61534" started-at="2020-12-30T11:49:57 GMT" finished-at="2020-12-30T11:50:59 GMT">
    <groups>
    </groups>
    <test name="Test" duration-ms="61534" started-at="2020-12-30T11:49:57 GMT" finished-at="2020-12-30T11:50:59 GMT">
      <class name="AlertsTesting.TC001_AlertOne">
        <test-method status="PASS" signature="BrowserLaunch_ApplicationLaunch()[pri:0, instance:AlertsTesting.TC001_AlertOne@6321e813]" name="BrowserLaunch_ApplicationLaunch" duration-ms="20617" started-at="2020-12-30T11:49:57 GMT" finished-at="2020-12-30T11:50:18 GMT">
          <reporter-output>
          </reporter-output>
        </test-method> <!-- BrowserLaunch_ApplicationLaunch -->
      </class> <!-- AlertsTesting.TC001_AlertOne -->
      <class name="AlertsTesting.TC003_AlertThree">
        <test-method status="PASS" signature="BrowserLaunch_ApplicationLaunch()[pri:0, instance:AlertsTesting.TC003_AlertThree@22a67b4]" name="BrowserLaunch_ApplicationLaunch" duration-ms="21488" started-at="2020-12-30T11:50:37 GMT" finished-at="2020-12-30T11:50:59 GMT">
          <reporter-output>
          </reporter-output>
        </test-method> <!-- BrowserLaunch_ApplicationLaunch -->
      </class> <!-- AlertsTesting.TC003_AlertThree -->
      <class name="AlertsTesting.TC002_AlertTwo">
        <test-method status="PASS" signature="BrowserLaunch_ApplicationLaunch()[pri:0, instance:AlertsTesting.TC002_AlertTwo@79be0360]" name="BrowserLaunch_ApplicationLaunch" duration-ms="19382" started-at="2020-12-30T11:50:18 GMT" finished-at="2020-12-30T11:50:37 GMT">
          <reporter-output>
          </reporter-output>
        </test-method> <!-- BrowserLaunch_ApplicationLaunch -->
      </class> <!-- AlertsTesting.TC002_AlertTwo -->
    </test> <!-- Test -->
  </suite> <!-- Suite -->
</testng-results>
